

Started GET "/" for 10.0.2.2 at 2014-01-11 06:24:59 +0000
Processing by Rails::WelcomeController#index as HTML
  Rendered /home/vagrant/.rvm/gems/ruby-2.0.0-p247/gems/railties-4.0.1/lib/rails/templates/rails/welcome/index.html.erb (14.8ms)
Completed 200 OK in 116ms (Views: 79.9ms | ActiveRecord: 0.0ms)


Started GET "/" for 10.0.2.2 at 2014-01-11 06:32:55 +0000
Processing by Rails::WelcomeController#index as HTML
  Rendered /home/vagrant/.rvm/gems/ruby-2.0.0-p247/gems/railties-4.0.1/lib/rails/templates/rails/welcome/index.html.erb (0.1ms)
Completed 200 OK in 2ms (Views: 1.6ms | ActiveRecord: 0.0ms)


Started GET "/" for 10.0.2.2 at 2014-01-11 06:34:41 +0000

ActionController::RoutingError (uninitialized constant Web):
  activesupport (4.0.1) lib/active_support/inflector/methods.rb:226:in `const_get'
  activesupport (4.0.1) lib/active_support/inflector/methods.rb:226:in `block in constantize'
  activesupport (4.0.1) lib/active_support/inflector/methods.rb:224:in `each'
  activesupport (4.0.1) lib/active_support/inflector/methods.rb:224:in `inject'
  activesupport (4.0.1) lib/active_support/inflector/methods.rb:224:in `constantize'
  actionpack (4.0.1) lib/action_dispatch/routing/route_set.rb:76:in `controller_reference'
  actionpack (4.0.1) lib/action_dispatch/routing/route_set.rb:66:in `controller'
  actionpack (4.0.1) lib/action_dispatch/routing/route_set.rb:44:in `call'
  actionpack (4.0.1) lib/action_dispatch/journey/router.rb:71:in `block in call'
  actionpack (4.0.1) lib/action_dispatch/journey/router.rb:59:in `each'
  actionpack (4.0.1) lib/action_dispatch/journey/router.rb:59:in `call'
  actionpack (4.0.1) lib/action_dispatch/routing/route_set.rb:680:in `call'
  rack (1.5.2) lib/rack/etag.rb:23:in `call'
  rack (1.5.2) lib/rack/conditionalget.rb:25:in `call'
  rack (1.5.2) lib/rack/head.rb:11:in `call'
  actionpack (4.0.1) lib/action_dispatch/middleware/params_parser.rb:27:in `call'
  actionpack (4.0.1) lib/action_dispatch/middleware/flash.rb:241:in `call'
  rack (1.5.2) lib/rack/session/abstract/id.rb:225:in `context'
  rack (1.5.2) lib/rack/session/abstract/id.rb:220:in `call'
  actionpack (4.0.1) lib/action_dispatch/middleware/cookies.rb:486:in `call'
  activerecord (4.0.1) lib/active_record/query_cache.rb:36:in `call'
  activerecord (4.0.1) lib/active_record/connection_adapters/abstract/connection_pool.rb:626:in `call'
  activerecord (4.0.1) lib/active_record/migration.rb:369:in `call'
  actionpack (4.0.1) lib/action_dispatch/middleware/callbacks.rb:29:in `block in call'
  activesupport (4.0.1) lib/active_support/callbacks.rb:373:in `_run__2643271140287359157__call__callbacks'
  activesupport (4.0.1) lib/active_support/callbacks.rb:80:in `run_callbacks'
  actionpack (4.0.1) lib/action_dispatch/middleware/callbacks.rb:27:in `call'
  actionpack (4.0.1) lib/action_dispatch/middleware/reloader.rb:64:in `call'
  actionpack (4.0.1) lib/action_dispatch/middleware/remote_ip.rb:76:in `call'
  actionpack (4.0.1) lib/action_dispatch/middleware/debug_exceptions.rb:17:in `call'
  actionpack (4.0.1) lib/action_dispatch/middleware/show_exceptions.rb:30:in `call'
  railties (4.0.1) lib/rails/rack/logger.rb:38:in `call_app'
  railties (4.0.1) lib/rails/rack/logger.rb:20:in `block in call'
  activesupport (4.0.1) lib/active_support/tagged_logging.rb:67:in `block in tagged'
  activesupport (4.0.1) lib/active_support/tagged_logging.rb:25:in `tagged'
  activesupport (4.0.1) lib/active_support/tagged_logging.rb:67:in `tagged'
  railties (4.0.1) lib/rails/rack/logger.rb:20:in `call'
  actionpack (4.0.1) lib/action_dispatch/middleware/request_id.rb:21:in `call'
  rack (1.5.2) lib/rack/methodoverride.rb:21:in `call'
  rack (1.5.2) lib/rack/runtime.rb:17:in `call'
  activesupport (4.0.1) lib/active_support/cache/strategy/local_cache.rb:83:in `call'
  rack (1.5.2) lib/rack/lock.rb:17:in `call'
  actionpack (4.0.1) lib/action_dispatch/middleware/static.rb:64:in `call'
  rack (1.5.2) lib/rack/sendfile.rb:112:in `call'
  railties (4.0.1) lib/rails/engine.rb:511:in `call'
  railties (4.0.1) lib/rails/application.rb:97:in `call'
  rack (1.5.2) lib/rack/lint.rb:49:in `_call'
  rack (1.5.2) lib/rack/lint.rb:37:in `call'
  rack (1.5.2) lib/rack/showexceptions.rb:24:in `call'
  rack (1.5.2) lib/rack/commonlogger.rb:33:in `call'
  rack (1.5.2) lib/rack/chunked.rb:43:in `call'
  rack (1.5.2) lib/rack/content_length.rb:14:in `call'
  unicorn (4.7.0) lib/unicorn/http_server.rb:580:in `process_client'
  unicorn (4.7.0) lib/unicorn/http_server.rb:660:in `worker_loop'
  unicorn (4.7.0) lib/unicorn/http_server.rb:527:in `spawn_missing_workers'
  unicorn (4.7.0) lib/unicorn/http_server.rb:153:in `start'
  unicorn (4.7.0) bin/unicorn:126:in `<top (required)>'
  /home/vagrant/.rvm/gems/ruby-2.0.0-p247/bin/unicorn:23:in `load'
  /home/vagrant/.rvm/gems/ruby-2.0.0-p247/bin/unicorn:23:in `<main>'


  Rendered /home/vagrant/.rvm/gems/ruby-2.0.0-p247/gems/actionpack-4.0.1/lib/action_dispatch/middleware/templates/rescues/_trace.erb (1.2ms)
  Rendered /home/vagrant/.rvm/gems/ruby-2.0.0-p247/gems/actionpack-4.0.1/lib/action_dispatch/middleware/templates/routes/_route.html.erb (0.8ms)
  Rendered /home/vagrant/.rvm/gems/ruby-2.0.0-p247/gems/actionpack-4.0.1/lib/action_dispatch/middleware/templates/routes/_table.html.erb (10.9ms)
  Rendered /home/vagrant/.rvm/gems/ruby-2.0.0-p247/gems/actionpack-4.0.1/lib/action_dispatch/middleware/templates/rescues/routing_error.erb within rescues/layout (38.4ms)


Started GET "/" for 10.0.2.2 at 2014-01-11 06:36:33 +0000

ActionController::RoutingError (uninitialized constant WelcomeController):
  activesupport (4.0.1) lib/active_support/inflector/methods.rb:226:in `const_get'
  activesupport (4.0.1) lib/active_support/inflector/methods.rb:226:in `block in constantize'
  activesupport (4.0.1) lib/active_support/inflector/methods.rb:224:in `each'
  activesupport (4.0.1) lib/active_support/inflector/methods.rb:224:in `inject'
  activesupport (4.0.1) lib/active_support/inflector/methods.rb:224:in `constantize'
  actionpack (4.0.1) lib/action_dispatch/routing/route_set.rb:76:in `controller_reference'
  actionpack (4.0.1) lib/action_dispatch/routing/route_set.rb:66:in `controller'
  actionpack (4.0.1) lib/action_dispatch/routing/route_set.rb:44:in `call'
  actionpack (4.0.1) lib/action_dispatch/journey/router.rb:71:in `block in call'
  actionpack (4.0.1) lib/action_dispatch/journey/router.rb:59:in `each'
  actionpack (4.0.1) lib/action_dispatch/journey/router.rb:59:in `call'
  actionpack (4.0.1) lib/action_dispatch/routing/route_set.rb:680:in `call'
  rack (1.5.2) lib/rack/etag.rb:23:in `call'
  rack (1.5.2) lib/rack/conditionalget.rb:25:in `call'
  rack (1.5.2) lib/rack/head.rb:11:in `call'
  actionpack (4.0.1) lib/action_dispatch/middleware/params_parser.rb:27:in `call'
  actionpack (4.0.1) lib/action_dispatch/middleware/flash.rb:241:in `call'
  rack (1.5.2) lib/rack/session/abstract/id.rb:225:in `context'
  rack (1.5.2) lib/rack/session/abstract/id.rb:220:in `call'
  actionpack (4.0.1) lib/action_dispatch/middleware/cookies.rb:486:in `call'
  activerecord (4.0.1) lib/active_record/query_cache.rb:36:in `call'
  activerecord (4.0.1) lib/active_record/connection_adapters/abstract/connection_pool.rb:626:in `call'
  activerecord (4.0.1) lib/active_record/migration.rb:369:in `call'
  actionpack (4.0.1) lib/action_dispatch/middleware/callbacks.rb:29:in `block in call'
  activesupport (4.0.1) lib/active_support/callbacks.rb:373:in `_run__2643271140287359157__call__callbacks'
  activesupport (4.0.1) lib/active_support/callbacks.rb:80:in `run_callbacks'
  actionpack (4.0.1) lib/action_dispatch/middleware/callbacks.rb:27:in `call'
  actionpack (4.0.1) lib/action_dispatch/middleware/reloader.rb:64:in `call'
  actionpack (4.0.1) lib/action_dispatch/middleware/remote_ip.rb:76:in `call'
  actionpack (4.0.1) lib/action_dispatch/middleware/debug_exceptions.rb:17:in `call'
  actionpack (4.0.1) lib/action_dispatch/middleware/show_exceptions.rb:30:in `call'
  railties (4.0.1) lib/rails/rack/logger.rb:38:in `call_app'
  railties (4.0.1) lib/rails/rack/logger.rb:20:in `block in call'
  activesupport (4.0.1) lib/active_support/tagged_logging.rb:67:in `block in tagged'
  activesupport (4.0.1) lib/active_support/tagged_logging.rb:25:in `tagged'
  activesupport (4.0.1) lib/active_support/tagged_logging.rb:67:in `tagged'
  railties (4.0.1) lib/rails/rack/logger.rb:20:in `call'
  actionpack (4.0.1) lib/action_dispatch/middleware/request_id.rb:21:in `call'
  rack (1.5.2) lib/rack/methodoverride.rb:21:in `call'
  rack (1.5.2) lib/rack/runtime.rb:17:in `call'
  activesupport (4.0.1) lib/active_support/cache/strategy/local_cache.rb:83:in `call'
  rack (1.5.2) lib/rack/lock.rb:17:in `call'
  actionpack (4.0.1) lib/action_dispatch/middleware/static.rb:64:in `call'
  rack (1.5.2) lib/rack/sendfile.rb:112:in `call'
  railties (4.0.1) lib/rails/engine.rb:511:in `call'
  railties (4.0.1) lib/rails/application.rb:97:in `call'
  rack (1.5.2) lib/rack/lint.rb:49:in `_call'
  rack (1.5.2) lib/rack/lint.rb:37:in `call'
  rack (1.5.2) lib/rack/showexceptions.rb:24:in `call'
  rack (1.5.2) lib/rack/commonlogger.rb:33:in `call'
  rack (1.5.2) lib/rack/chunked.rb:43:in `call'
  rack (1.5.2) lib/rack/content_length.rb:14:in `call'
  unicorn (4.7.0) lib/unicorn/http_server.rb:580:in `process_client'
  unicorn (4.7.0) lib/unicorn/http_server.rb:660:in `worker_loop'
  unicorn (4.7.0) lib/unicorn/http_server.rb:527:in `spawn_missing_workers'
  unicorn (4.7.0) lib/unicorn/http_server.rb:153:in `start'
  unicorn (4.7.0) bin/unicorn:126:in `<top (required)>'
  /home/vagrant/.rvm/gems/ruby-2.0.0-p247/bin/unicorn:23:in `load'
  /home/vagrant/.rvm/gems/ruby-2.0.0-p247/bin/unicorn:23:in `<main>'


  Rendered /home/vagrant/.rvm/gems/ruby-2.0.0-p247/gems/actionpack-4.0.1/lib/action_dispatch/middleware/templates/rescues/_trace.erb (1.2ms)
  Rendered /home/vagrant/.rvm/gems/ruby-2.0.0-p247/gems/actionpack-4.0.1/lib/action_dispatch/middleware/templates/routes/_route.html.erb (0.7ms)
  Rendered /home/vagrant/.rvm/gems/ruby-2.0.0-p247/gems/actionpack-4.0.1/lib/action_dispatch/middleware/templates/routes/_table.html.erb (1.2ms)
  Rendered /home/vagrant/.rvm/gems/ruby-2.0.0-p247/gems/actionpack-4.0.1/lib/action_dispatch/middleware/templates/rescues/routing_error.erb within rescues/layout (14.5ms)


Started GET "/" for 10.0.2.2 at 2014-01-11 06:37:55 +0000
Processing by WelcomeController#index as HTML
  Rendered welcome/index.html.haml within layouts/application (1.1ms)
Completed 500 Internal Server Error in 219ms

ActionView::Template::Error (couldn't find file 'react'
  (in /home/vagrant/Documents/projects/react_example/app/assets/javascripts/application.js:16)):
    3: <head>
    4:   <title>ReactExample</title>
    5:   <%= stylesheet_link_tag    "application", media: "all", "data-turbolinks-track" => true %>
    6:   <%= javascript_include_tag "application", "data-turbolinks-track" => true %>
    7:   <%= csrf_meta_tags %>
    8: </head>
    9: <body>
  app/views/layouts/application.html.erb:6:in `_app_views_layouts_application_html_erb__2044237135642707230_12814760'


  Rendered /home/vagrant/.rvm/gems/ruby-2.0.0-p247/gems/actionpack-4.0.1/lib/action_dispatch/middleware/templates/rescues/_trace.erb (1.2ms)
  Rendered /home/vagrant/.rvm/gems/ruby-2.0.0-p247/gems/actionpack-4.0.1/lib/action_dispatch/middleware/templates/rescues/_request_and_response.erb (1.0ms)
  Rendered /home/vagrant/.rvm/gems/ruby-2.0.0-p247/gems/actionpack-4.0.1/lib/action_dispatch/middleware/templates/rescues/template_error.erb within rescues/layout (12.2ms)


Started GET "/" for 10.0.2.2 at 2014-01-11 06:39:22 +0000
Processing by WelcomeController#index as HTML
  Rendered welcome/index.html.haml within layouts/application (5.8ms)
Completed 200 OK in 1324ms (Views: 1300.6ms | ActiveRecord: 0.0ms)


Started GET "/assets/application.css?body=1" for 10.0.2.2 at 2014-01-11 06:39:24 +0000


Started GET "/assets/jquery.js?body=1" for 10.0.2.2 at 2014-01-11 06:39:24 +0000


Started GET "/assets/jquery_ujs.js?body=1" for 10.0.2.2 at 2014-01-11 06:39:25 +0000


Started GET "/assets/turbolinks.js?body=1" for 10.0.2.2 at 2014-01-11 06:39:25 +0000


Started GET "/assets/react.js?body=1" for 10.0.2.2 at 2014-01-11 06:39:25 +0000


Started GET "/assets/bootstrap/affix.js?body=1" for 10.0.2.2 at 2014-01-11 06:39:25 +0000


Started GET "/assets/bootstrap/alert.js?body=1" for 10.0.2.2 at 2014-01-11 06:39:25 +0000


Started GET "/assets/bootstrap/button.js?body=1" for 10.0.2.2 at 2014-01-11 06:39:25 +0000


Started GET "/assets/bootstrap/carousel.js?body=1" for 10.0.2.2 at 2014-01-11 06:39:25 +0000


Started GET "/assets/bootstrap/collapse.js?body=1" for 10.0.2.2 at 2014-01-11 06:39:25 +0000


Started GET "/assets/bootstrap/dropdown.js?body=1" for 10.0.2.2 at 2014-01-11 06:39:25 +0000


Started GET "/assets/bootstrap/tab.js?body=1" for 10.0.2.2 at 2014-01-11 06:39:25 +0000


Started GET "/assets/bootstrap/transition.js?body=1" for 10.0.2.2 at 2014-01-11 06:39:25 +0000


Started GET "/assets/bootstrap/scrollspy.js?body=1" for 10.0.2.2 at 2014-01-11 06:39:25 +0000


Started GET "/assets/bootstrap/modal.js?body=1" for 10.0.2.2 at 2014-01-11 06:39:25 +0000


Started GET "/assets/bootstrap/tooltip.js?body=1" for 10.0.2.2 at 2014-01-11 06:39:25 +0000


Started GET "/assets/bootstrap/popover.js?body=1" for 10.0.2.2 at 2014-01-11 06:39:25 +0000


Started GET "/assets/bootstrap.js?body=1" for 10.0.2.2 at 2014-01-11 06:39:25 +0000


Started GET "/assets/application.js?body=1" for 10.0.2.2 at 2014-01-11 06:39:25 +0000


Started GET "/" for 10.0.2.2 at 2014-01-11 06:44:14 +0000
Processing by WelcomeController#index as HTML
  Rendered welcome/index.html.haml within layouts/application (0.1ms)
Completed 200 OK in 77ms (Views: 76.2ms | ActiveRecord: 0.0ms)


Started GET "/assets/application.css?body=1" for 10.0.2.2 at 2014-01-11 06:44:14 +0000


Started GET "/assets/jquery.js?body=1" for 10.0.2.2 at 2014-01-11 06:44:14 +0000


Started GET "/assets/turbolinks.js?body=1" for 10.0.2.2 at 2014-01-11 06:44:14 +0000


Started GET "/assets/react.js?body=1" for 10.0.2.2 at 2014-01-11 06:44:14 +0000


Started GET "/assets/bootstrap/affix.js?body=1" for 10.0.2.2 at 2014-01-11 06:44:14 +0000


Started GET "/assets/bootstrap/alert.js?body=1" for 10.0.2.2 at 2014-01-11 06:44:14 +0000


Started GET "/assets/bootstrap/button.js?body=1" for 10.0.2.2 at 2014-01-11 06:44:14 +0000


Started GET "/assets/bootstrap/carousel.js?body=1" for 10.0.2.2 at 2014-01-11 06:44:14 +0000


Started GET "/assets/bootstrap/collapse.js?body=1" for 10.0.2.2 at 2014-01-11 06:44:14 +0000


Started GET "/assets/bootstrap/dropdown.js?body=1" for 10.0.2.2 at 2014-01-11 06:44:14 +0000


Started GET "/assets/bootstrap/tab.js?body=1" for 10.0.2.2 at 2014-01-11 06:44:14 +0000


Started GET "/assets/bootstrap/transition.js?body=1" for 10.0.2.2 at 2014-01-11 06:44:14 +0000


Started GET "/assets/bootstrap/scrollspy.js?body=1" for 10.0.2.2 at 2014-01-11 06:44:15 +0000


Started GET "/assets/bootstrap/modal.js?body=1" for 10.0.2.2 at 2014-01-11 06:44:15 +0000


Started GET "/assets/bootstrap/tooltip.js?body=1" for 10.0.2.2 at 2014-01-11 06:44:15 +0000


Started GET "/assets/bootstrap/popover.js?body=1" for 10.0.2.2 at 2014-01-11 06:44:15 +0000


Started GET "/assets/bootstrap.js?body=1" for 10.0.2.2 at 2014-01-11 06:44:15 +0000


Started GET "/assets/application.js?body=1" for 10.0.2.2 at 2014-01-11 06:44:15 +0000


Started GET "/" for 10.0.2.2 at 2014-01-11 06:54:26 +0000
Processing by WelcomeController#index as HTML
  Rendered welcome/index.html.haml within layouts/application (5.7ms)
Completed 500 Internal Server Error in 64ms

ActionView::Template::Error (Illegal nesting: nesting within plain text is illegal.):
    1: <div id="example"></div>
    2: <script type="text/jsx">
    3:   /** @jsx React.DOM */
    4:   React.renderComponent(
    5:     <h1>Hello, world!</h1>,
    6:     document.getElementById('example')
  app/views/welcome/index.html.haml:3


  Rendered /home/vagrant/.rvm/gems/ruby-2.0.0-p247/gems/actionpack-4.0.1/lib/action_dispatch/middleware/templates/rescues/_trace.erb (1.1ms)
  Rendered /home/vagrant/.rvm/gems/ruby-2.0.0-p247/gems/actionpack-4.0.1/lib/action_dispatch/middleware/templates/rescues/_request_and_response.erb (0.9ms)
  Rendered /home/vagrant/.rvm/gems/ruby-2.0.0-p247/gems/actionpack-4.0.1/lib/action_dispatch/middleware/templates/rescues/template_error.erb within rescues/layout (9.8ms)


Started GET "/" for 10.0.2.2 at 2014-01-11 06:54:41 +0000
Processing by WelcomeController#index as HTML
  Rendered welcome/index.html.haml within layouts/application (0.8ms)
Completed 500 Internal Server Error in 100ms

ActionView::Template::Error (Illegal nesting: nesting within plain text is illegal.):
    1: <div id="example"></div>
    2: <script type="text/jsx">
    3:   React.renderComponent(
    4:     <h1>Hello, world!</h1>,
    5:     document.getElementById('example')
    6:   );
  app/views/welcome/index.html.haml:3


  Rendered /home/vagrant/.rvm/gems/ruby-2.0.0-p247/gems/actionpack-4.0.1/lib/action_dispatch/middleware/templates/rescues/_trace.erb (1.1ms)
  Rendered /home/vagrant/.rvm/gems/ruby-2.0.0-p247/gems/actionpack-4.0.1/lib/action_dispatch/middleware/templates/rescues/_request_and_response.erb (1.0ms)
  Rendered /home/vagrant/.rvm/gems/ruby-2.0.0-p247/gems/actionpack-4.0.1/lib/action_dispatch/middleware/templates/rescues/template_error.erb within rescues/layout (10.1ms)


Started GET "/" for 10.0.2.2 at 2014-01-11 06:56:14 +0000
Processing by WelcomeController#index as HTML
  Rendered welcome/index.html.haml within layouts/application (1.4ms)
Completed 200 OK in 385ms (Views: 384.1ms | ActiveRecord: 0.0ms)


Started GET "/assets/application.css?body=1" for 10.0.2.2 at 2014-01-11 06:56:15 +0000


Started GET "/assets/jquery.js?body=1" for 10.0.2.2 at 2014-01-11 06:56:15 +0000


Started GET "/assets/jquery_ujs.js?body=1" for 10.0.2.2 at 2014-01-11 06:56:15 +0000


Started GET "/assets/turbolinks.js?body=1" for 10.0.2.2 at 2014-01-11 06:56:15 +0000


Started GET "/assets/bootstrap/affix.js?body=1" for 10.0.2.2 at 2014-01-11 06:56:15 +0000


Started GET "/assets/react.js?body=1" for 10.0.2.2 at 2014-01-11 06:56:15 +0000


Started GET "/assets/bootstrap/alert.js?body=1" for 10.0.2.2 at 2014-01-11 06:56:15 +0000


Started GET "/assets/bootstrap/button.js?body=1" for 10.0.2.2 at 2014-01-11 06:56:15 +0000


Started GET "/assets/bootstrap/carousel.js?body=1" for 10.0.2.2 at 2014-01-11 06:56:15 +0000


Started GET "/assets/bootstrap/collapse.js?body=1" for 10.0.2.2 at 2014-01-11 06:56:15 +0000


Started GET "/assets/bootstrap/dropdown.js?body=1" for 10.0.2.2 at 2014-01-11 06:56:15 +0000


Started GET "/assets/bootstrap/tab.js?body=1" for 10.0.2.2 at 2014-01-11 06:56:15 +0000


Started GET "/assets/bootstrap/transition.js?body=1" for 10.0.2.2 at 2014-01-11 06:56:15 +0000


Started GET "/assets/bootstrap/scrollspy.js?body=1" for 10.0.2.2 at 2014-01-11 06:56:15 +0000


Started GET "/assets/bootstrap/modal.js?body=1" for 10.0.2.2 at 2014-01-11 06:56:15 +0000


Started GET "/assets/bootstrap/tooltip.js?body=1" for 10.0.2.2 at 2014-01-11 06:56:15 +0000


Started GET "/assets/bootstrap/popover.js?body=1" for 10.0.2.2 at 2014-01-11 06:56:15 +0000


Started GET "/assets/bootstrap.js?body=1" for 10.0.2.2 at 2014-01-11 06:56:15 +0000


Started GET "/assets/application.js?body=1" for 10.0.2.2 at 2014-01-11 06:56:15 +0000


Started GET "/" for 10.0.2.2 at 2014-01-11 06:56:19 +0000
Processing by WelcomeController#index as HTML
  Rendered welcome/index.html.haml within layouts/application (0.3ms)
Completed 200 OK in 77ms (Views: 76.4ms | ActiveRecord: 0.0ms)


Started GET "/assets/react.js?body=1" for 10.0.2.2 at 2014-01-11 06:56:19 +0000


Started GET "/assets/turbolinks.js?body=1" for 10.0.2.2 at 2014-01-11 06:56:19 +0000


Started GET "/assets/jquery_ujs.js?body=1" for 10.0.2.2 at 2014-01-11 06:56:19 +0000


Started GET "/assets/jquery.js?body=1" for 10.0.2.2 at 2014-01-11 06:56:19 +0000


Started GET "/assets/application.css?body=1" for 10.0.2.2 at 2014-01-11 06:56:19 +0000


Started GET "/assets/bootstrap/affix.js?body=1" for 10.0.2.2 at 2014-01-11 06:56:19 +0000


Started GET "/assets/bootstrap/alert.js?body=1" for 10.0.2.2 at 2014-01-11 06:56:19 +0000


Started GET "/assets/bootstrap/button.js?body=1" for 10.0.2.2 at 2014-01-11 06:56:19 +0000


Started GET "/assets/bootstrap/carousel.js?body=1" for 10.0.2.2 at 2014-01-11 06:56:19 +0000


Started GET "/assets/bootstrap/collapse.js?body=1" for 10.0.2.2 at 2014-01-11 06:56:19 +0000


Started GET "/assets/bootstrap/dropdown.js?body=1" for 10.0.2.2 at 2014-01-11 06:56:19 +0000


Started GET "/assets/bootstrap/tab.js?body=1" for 10.0.2.2 at 2014-01-11 06:56:19 +0000


Started GET "/assets/bootstrap/transition.js?body=1" for 10.0.2.2 at 2014-01-11 06:56:19 +0000


Started GET "/assets/bootstrap/scrollspy.js?body=1" for 10.0.2.2 at 2014-01-11 06:56:20 +0000


Started GET "/assets/bootstrap/modal.js?body=1" for 10.0.2.2 at 2014-01-11 06:56:20 +0000


Started GET "/assets/bootstrap/tooltip.js?body=1" for 10.0.2.2 at 2014-01-11 06:56:20 +0000


Started GET "/assets/bootstrap/popover.js?body=1" for 10.0.2.2 at 2014-01-11 06:56:20 +0000


Started GET "/assets/bootstrap.js?body=1" for 10.0.2.2 at 2014-01-11 06:56:20 +0000


Started GET "/assets/application.js?body=1" for 10.0.2.2 at 2014-01-11 06:56:20 +0000
